
{"message":"listening on port 5000...","level":"info"}
{"message":"Connected to mongodb://localhost/vidly","level":"info"}
{"message":"listening on port 5000...","level":"info"}
{"message":"Connected to mongodb://localhost/vidly","level":"info"}
{"message":"listening on port 5000...","level":"info"}
{"message":"Connected to mongodb://localhost/vidly","level":"info"}
{"message":"listening on port 5000...","level":"info"}
{"message":"Connected to mongodb://localhost/vidly","level":"info"}
{"message":"listening on port 5000...","level":"info"}
{"message":"Connected to mongodb://localhost/vidly","level":"info"}
{"message":"listening on port 5000...","level":"info"}
{"message":"Connected to mongodb://localhost/vidly","level":"info"}
{"message":"listening on port 5000...","level":"info"}
{"message":"Connected to mongodb://localhost/vidly","level":"info"}
{"message":"listening on port 5000...","level":"info"}
{"message":"Connected to mongodb://localhost/vidly","level":"info"}
{"message":"listening on port 5000...","level":"info"}
{"message":"Connected to mongodb://localhost/vidly","level":"info"}
{"expose":true,"statusCode":400,"status":400,"body":"{\n    \"title\": \"zombieFest3\",\n    \"genreId\": \"61c12811b985837a5e0009d3\",\n}","type":"entity.parse.failed","level":"error","message":"Unexpected token } in JSON at position 73 Unexpected token } in JSON at position 73","stack":"SyntaxError: Unexpected token } in JSON at position 73\n    at JSON.parse (<anonymous>)\n    at parse (/Users/akashchakka/Documents/CollegeStuff/Classes/ReactTutorial/Vidly/node_modules/body-parser/lib/types/json.js:89:19)\n    at /Users/akashchakka/Documents/CollegeStuff/Classes/ReactTutorial/Vidly/node_modules/body-parser/lib/read.js:121:18\n    at invokeCallback (/Users/akashchakka/Documents/CollegeStuff/Classes/ReactTutorial/Vidly/node_modules/raw-body/index.js:224:16)\n    at done (/Users/akashchakka/Documents/CollegeStuff/Classes/ReactTutorial/Vidly/node_modules/raw-body/index.js:213:7)\n    at IncomingMessage.onEnd (/Users/akashchakka/Documents/CollegeStuff/Classes/ReactTutorial/Vidly/node_modules/raw-body/index.js:273:7)\n    at IncomingMessage.emit (events.js:387:35)\n    at endReadableNT (internal/streams/readable.js:1317:12)\n    at processTicksAndRejections (internal/process/task_queues.js:82:21)"}
{"message":"listening on port 5000...","level":"info"}
{"message":"Connected to mongodb://localhost/vidly","level":"info"}
{"message":"listening on port 5000...","level":"info"}
{"message":"Connected to mongodb://localhost/vidly","level":"info"}
{"message":"listening on port 5000...","level":"info"}
{"message":"Connected to mongodb://localhost/vidly","level":"info"}
{"message":"listening on port 5000...","level":"info"}
{"message":"Connected to mongodb://localhost/vidly","level":"info"}
{"message":"listening on port 5000...","level":"info"}
{"message":"Connected to mongodb://localhost/vidly","level":"info"}
{"message":"listening on port 5000...","level":"info"}
{"message":"Connected to mongodb://localhost/vidly","level":"info"}
{"message":"listening on port 5000...","level":"info"}
{"message":"Connected to mongodb://localhost/vidly","level":"info"}
{"message":"listening on port 5000...","level":"info"}
{"message":"Connected to mongodb://localhost/vidly","level":"info"}
{"message":"listening on port 5000...","level":"info"}
{"message":"Connected to mongodb://localhost/vidly","level":"info"}
{"message":"listening on port 5000...","level":"info"}
{"message":"Connected to mongodb://localhost/vidly","level":"info"}
{"message":"listening on port 5000...","level":"info"}
{"message":"Connected to mongodb://localhost/vidly","level":"info"}
{"message":"listening on port 5000...","level":"info"}
{"message":"Connected to mongodb://localhost/vidly","level":"info"}
{"message":"listening on port 5000...","level":"info"}
{"message":"Connected to mongodb://localhost/vidly","level":"info"}
{"code":"ERR_HTTP_HEADERS_SENT","level":"error","message":"Cannot set headers after they are sent to the client Cannot set headers after they are sent to the client","stack":"Error [ERR_HTTP_HEADERS_SENT]: Cannot set headers after they are sent to the client\n    at ServerResponse.setHeader (_http_outgoing.js:561:11)\n    at ServerResponse.header (/Users/akashchakka/Documents/CollegeStuff/Classes/ReactTutorial/Vidly/node_modules/express/lib/response.js:771:10)\n    at ServerResponse.send (/Users/akashchakka/Documents/CollegeStuff/Classes/ReactTutorial/Vidly/node_modules/express/lib/response.js:170:12)\n    at ServerResponse.json (/Users/akashchakka/Documents/CollegeStuff/Classes/ReactTutorial/Vidly/node_modules/express/lib/response.js:267:15)\n    at ServerResponse.send (/Users/akashchakka/Documents/CollegeStuff/Classes/ReactTutorial/Vidly/node_modules/express/lib/response.js:158:21)\n    at /Users/akashchakka/Documents/CollegeStuff/Classes/ReactTutorial/Vidly/routes/movies.js:42:9"}
{"code":"ERR_HTTP_HEADERS_SENT","level":"error","message":"Cannot set headers after they are sent to the client Cannot set headers after they are sent to the client","stack":"Error [ERR_HTTP_HEADERS_SENT]: Cannot set headers after they are sent to the client\n    at ServerResponse.setHeader (_http_outgoing.js:561:11)\n    at ServerResponse.header (/Users/akashchakka/Documents/CollegeStuff/Classes/ReactTutorial/Vidly/node_modules/express/lib/response.js:771:10)\n    at ServerResponse.send (/Users/akashchakka/Documents/CollegeStuff/Classes/ReactTutorial/Vidly/node_modules/express/lib/response.js:170:12)\n    at ServerResponse.json (/Users/akashchakka/Documents/CollegeStuff/Classes/ReactTutorial/Vidly/node_modules/express/lib/response.js:267:15)\n    at ServerResponse.send (/Users/akashchakka/Documents/CollegeStuff/Classes/ReactTutorial/Vidly/node_modules/express/lib/response.js:158:21)\n    at /Users/akashchakka/Documents/CollegeStuff/Classes/ReactTutorial/Vidly/routes/movies.js:42:9"}
{"code":"ERR_HTTP_HEADERS_SENT","level":"error","message":"Cannot set headers after they are sent to the client Cannot set headers after they are sent to the client","stack":"Error [ERR_HTTP_HEADERS_SENT]: Cannot set headers after they are sent to the client\n    at ServerResponse.setHeader (_http_outgoing.js:561:11)\n    at ServerResponse.header (/Users/akashchakka/Documents/CollegeStuff/Classes/ReactTutorial/Vidly/node_modules/express/lib/response.js:771:10)\n    at ServerResponse.send (/Users/akashchakka/Documents/CollegeStuff/Classes/ReactTutorial/Vidly/node_modules/express/lib/response.js:170:12)\n    at ServerResponse.json (/Users/akashchakka/Documents/CollegeStuff/Classes/ReactTutorial/Vidly/node_modules/express/lib/response.js:267:15)\n    at ServerResponse.send (/Users/akashchakka/Documents/CollegeStuff/Classes/ReactTutorial/Vidly/node_modules/express/lib/response.js:158:21)\n    at /Users/akashchakka/Documents/CollegeStuff/Classes/ReactTutorial/Vidly/routes/movies.js:42:9"}
{"code":"ERR_HTTP_HEADERS_SENT","level":"error","message":"Cannot set headers after they are sent to the client Cannot set headers after they are sent to the client","stack":"Error [ERR_HTTP_HEADERS_SENT]: Cannot set headers after they are sent to the client\n    at ServerResponse.setHeader (_http_outgoing.js:561:11)\n    at ServerResponse.header (/Users/akashchakka/Documents/CollegeStuff/Classes/ReactTutorial/Vidly/node_modules/express/lib/response.js:771:10)\n    at ServerResponse.send (/Users/akashchakka/Documents/CollegeStuff/Classes/ReactTutorial/Vidly/node_modules/express/lib/response.js:170:12)\n    at ServerResponse.json (/Users/akashchakka/Documents/CollegeStuff/Classes/ReactTutorial/Vidly/node_modules/express/lib/response.js:267:15)\n    at ServerResponse.send (/Users/akashchakka/Documents/CollegeStuff/Classes/ReactTutorial/Vidly/node_modules/express/lib/response.js:158:21)\n    at /Users/akashchakka/Documents/CollegeStuff/Classes/ReactTutorial/Vidly/routes/movies.js:42:9"}
{"message":"listening on port 5000...","level":"info"}
{"message":"Connected to mongodb://localhost/vidly","level":"info"}
{"message":"listening on port 5000...","level":"info"}
{"message":"Connected to mongodb://localhost/vidly","level":"info"}
{"code":"ERR_HTTP_HEADERS_SENT","level":"error","message":"Cannot set headers after they are sent to the client Cannot set headers after they are sent to the client","stack":"Error [ERR_HTTP_HEADERS_SENT]: Cannot set headers after they are sent to the client\n    at ServerResponse.setHeader (_http_outgoing.js:561:11)\n    at ServerResponse.header (/Users/akashchakka/Documents/CollegeStuff/Classes/ReactTutorial/Vidly/node_modules/express/lib/response.js:771:10)\n    at ServerResponse.send (/Users/akashchakka/Documents/CollegeStuff/Classes/ReactTutorial/Vidly/node_modules/express/lib/response.js:170:12)\n    at ServerResponse.json (/Users/akashchakka/Documents/CollegeStuff/Classes/ReactTutorial/Vidly/node_modules/express/lib/response.js:267:15)\n    at ServerResponse.send (/Users/akashchakka/Documents/CollegeStuff/Classes/ReactTutorial/Vidly/node_modules/express/lib/response.js:158:21)\n    at /Users/akashchakka/Documents/CollegeStuff/Classes/ReactTutorial/Vidly/routes/movies.js:42:9"}
{"message":"listening on port 5000...","level":"info"}
{"message":"Connected to mongodb://localhost/vidly","level":"info"}
{"message":"listening on port 5000...","level":"info"}
{"message":"Connected to mongodb://localhost/vidly","level":"info"}
{"message":"listening on port 5000...","level":"info"}
{"message":"Connected to mongodb://localhost/vidly","level":"info"}
{"message":"listening on port 5000...","level":"info"}
{"message":"Connected to mongodb://localhost/vidly","level":"info"}
{"code":"ERR_HTTP_HEADERS_SENT","level":"error","message":"Cannot set headers after they are sent to the client Cannot set headers after they are sent to the client","stack":"Error [ERR_HTTP_HEADERS_SENT]: Cannot set headers after they are sent to the client\n    at ServerResponse.setHeader (_http_outgoing.js:561:11)\n    at ServerResponse.header (/Users/akashchakka/Documents/CollegeStuff/Classes/ReactTutorial/Vidly/node_modules/express/lib/response.js:771:10)\n    at ServerResponse.send (/Users/akashchakka/Documents/CollegeStuff/Classes/ReactTutorial/Vidly/node_modules/express/lib/response.js:170:12)\n    at ServerResponse.json (/Users/akashchakka/Documents/CollegeStuff/Classes/ReactTutorial/Vidly/node_modules/express/lib/response.js:267:15)\n    at ServerResponse.send (/Users/akashchakka/Documents/CollegeStuff/Classes/ReactTutorial/Vidly/node_modules/express/lib/response.js:158:21)\n    at /Users/akashchakka/Documents/CollegeStuff/Classes/ReactTutorial/Vidly/routes/movies.js:42:9"}
{"message":"listening on port 5000...","level":"info"}
{"message":"Connected to mongodb://localhost/vidly","level":"info"}
{"error":{},"level":"error","message":"uncaughtException: admin is not defined\nReferenceError: admin is not defined\n    at Object.<anonymous> (/Users/akashchakka/Documents/CollegeStuff/Classes/ReactTutorial/Vidly/routes/movies.js:45:30)\n    at Module._compile (internal/modules/cjs/loader.js:1085:14)\n    at Object.Module._extensions..js (internal/modules/cjs/loader.js:1114:10)\n    at Module.load (internal/modules/cjs/loader.js:950:32)\n    at Function.Module._load (internal/modules/cjs/loader.js:790:14)\n    at Module.require (internal/modules/cjs/loader.js:974:19)\n    at require (internal/modules/cjs/helpers.js:92:18)\n    at Object.<anonymous> (/Users/akashchakka/Documents/CollegeStuff/Classes/ReactTutorial/Vidly/startup/routes.js:7:16)\n    at Module._compile (internal/modules/cjs/loader.js:1085:14)\n    at Object.Module._extensions..js (internal/modules/cjs/loader.js:1114:10)\n    at Module.load (internal/modules/cjs/loader.js:950:32)\n    at Function.Module._load (internal/modules/cjs/loader.js:790:14)\n    at Module.require (internal/modules/cjs/loader.js:974:19)\n    at require (internal/modules/cjs/helpers.js:92:18)\n    at Object.<anonymous> (/Users/akashchakka/Documents/CollegeStuff/Classes/ReactTutorial/Vidly/index.js:10:1)\n    at Module._compile (internal/modules/cjs/loader.js:1085:14)","stack":"ReferenceError: admin is not defined\n    at Object.<anonymous> (/Users/akashchakka/Documents/CollegeStuff/Classes/ReactTutorial/Vidly/routes/movies.js:45:30)\n    at Module._compile (internal/modules/cjs/loader.js:1085:14)\n    at Object.Module._extensions..js (internal/modules/cjs/loader.js:1114:10)\n    at Module.load (internal/modules/cjs/loader.js:950:32)\n    at Function.Module._load (internal/modules/cjs/loader.js:790:14)\n    at Module.require (internal/modules/cjs/loader.js:974:19)\n    at require (internal/modules/cjs/helpers.js:92:18)\n    at Object.<anonymous> (/Users/akashchakka/Documents/CollegeStuff/Classes/ReactTutorial/Vidly/startup/routes.js:7:16)\n    at Module._compile (internal/modules/cjs/loader.js:1085:14)\n    at Object.Module._extensions..js (internal/modules/cjs/loader.js:1114:10)\n    at Module.load (internal/modules/cjs/loader.js:950:32)\n    at Function.Module._load (internal/modules/cjs/loader.js:790:14)\n    at Module.require (internal/modules/cjs/loader.js:974:19)\n    at require (internal/modules/cjs/helpers.js:92:18)\n    at Object.<anonymous> (/Users/akashchakka/Documents/CollegeStuff/Classes/ReactTutorial/Vidly/index.js:10:1)\n    at Module._compile (internal/modules/cjs/loader.js:1085:14)","exception":true,"date":"Tue Dec 28 2021 16:04:43 GMT-0800 (Pacific Standard Time)","process":{"pid":14531,"uid":501,"gid":20,"cwd":"/Users/akashchakka/Documents/CollegeStuff/Classes/ReactTutorial/Vidly","execPath":"/usr/local/bin/node","version":"v14.17.1","argv":["/usr/local/bin/node","/Users/akashchakka/Documents/CollegeStuff/Classes/ReactTutorial/Vidly/index.js"],"memoryUsage":{"rss":62771200,"heapTotal":36929536,"heapUsed":24743616,"external":20580568,"arrayBuffers":19044063}},"os":{"loadavg":[2.6259765625,3.025390625,3.0439453125],"uptime":1793153},"trace":[{"column":30,"file":"/Users/akashchakka/Documents/CollegeStuff/Classes/ReactTutorial/Vidly/routes/movies.js","function":null,"line":45,"method":null,"native":false},{"column":14,"file":"internal/modules/cjs/loader.js","function":"Module._compile","line":1085,"method":"_compile","native":false},{"column":10,"file":"internal/modules/cjs/loader.js","function":"Module._extensions..js","line":1114,"method":".js","native":false},{"column":32,"file":"internal/modules/cjs/loader.js","function":"Module.load","line":950,"method":"load","native":false},{"column":14,"file":"internal/modules/cjs/loader.js","function":"Module._load","line":790,"method":"_load","native":false},{"column":19,"file":"internal/modules/cjs/loader.js","function":"Module.require","line":974,"method":"require","native":false},{"column":18,"file":"internal/modules/cjs/helpers.js","function":"require","line":92,"method":null,"native":false},{"column":16,"file":"/Users/akashchakka/Documents/CollegeStuff/Classes/ReactTutorial/Vidly/startup/routes.js","function":null,"line":7,"method":null,"native":false},{"column":14,"file":"internal/modules/cjs/loader.js","function":"Module._compile","line":1085,"method":"_compile","native":false},{"column":10,"file":"internal/modules/cjs/loader.js","function":"Module._extensions..js","line":1114,"method":".js","native":false},{"column":32,"file":"internal/modules/cjs/loader.js","function":"Module.load","line":950,"method":"load","native":false},{"column":14,"file":"internal/modules/cjs/loader.js","function":"Module._load","line":790,"method":"_load","native":false},{"column":19,"file":"internal/modules/cjs/loader.js","function":"Module.require","line":974,"method":"require","native":false},{"column":18,"file":"internal/modules/cjs/helpers.js","function":"require","line":92,"method":null,"native":false},{"column":1,"file":"/Users/akashchakka/Documents/CollegeStuff/Classes/ReactTutorial/Vidly/index.js","function":null,"line":10,"method":null,"native":false},{"column":14,"file":"internal/modules/cjs/loader.js","function":"Module._compile","line":1085,"method":"_compile","native":false}]}
{"message":"listening on port 5000...","level":"info"}
{"message":"Connected to mongodb://localhost/vidly","level":"info"}
{"message":"listening on port 5000...","level":"info"}
{"message":"Connected to mongodb://localhost/vidly","level":"info"}
{"message":"listening on port 5000...","level":"info"}
{"message":"Connected to mongodb://localhost/vidly","level":"info"}
{"message":"listening on port 5000...","level":"info"}
{"message":"Connected to mongodb://localhost/vidly","level":"info"}
{"message":"listening on port 5000...","level":"info"}
{"message":"Connected to mongodb://localhost/vidly","level":"info"}
